<?xml version="1.0" encoding="UTF-8"?>
<!-- Generated by org.testng.reporters.JUnitReportReporter -->
<testsuite hostname="yashpal-Latitude-5490" failures="0" tests="2" name="demoTest.NewTest" time="2.670" errors="0" timestamp="2022-02-01T09:36:23 IST" skipped="0">
  <testcase classname="demoTest.NewTest" name="login" time="1.679"/>
  <system-out/>
  <testcase classname="demoTest.NewTest" name="logout" time="0.991"/>
  <system-out/>
</testsuite> <!-- demoTest.NewTest -->
