<?xml version="1.0" encoding="UTF-8"?>
<!-- Generated by org.testng.reporters.JUnitReportReporter -->
<testsuite hostname="yashpal-Latitude-5490" failures="0" tests="2" name="demoTest.NewTest" time="2.498" errors="0" timestamp="2022-02-01T09:38:46 IST" skipped="0">
  <testcase classname="demoTest.NewTest" name="login" time="1.675"/>
  <system-out/>
  <testcase classname="demoTest.NewTest" name="logout" time="0.823"/>
  <system-out/>
</testsuite> <!-- demoTest.NewTest -->
